{"/Users/fanqi/Documents/mine/lucefer/bezier/src/animation.js":{"path":"/Users/fanqi/Documents/mine/lucefer/bezier/src/animation.js","s":{"1":1,"2":1,"3":1,"4":1,"5":1,"6":1,"7":0,"8":1,"9":1,"10":1,"11":1,"12":0,"13":0,"14":1,"15":1,"16":1,"17":0,"18":0,"19":1,"20":1,"21":1,"22":0,"23":0,"24":1,"25":1,"26":1,"27":2,"28":2,"29":2,"30":0,"31":0,"32":0,"33":0,"34":2,"35":2,"36":1,"37":2,"38":1,"39":62,"40":62,"41":1,"42":1,"43":1,"44":1,"45":1,"46":1,"47":1,"48":1,"49":1,"50":1,"51":2,"52":1,"53":0,"54":0,"55":1,"56":62,"57":1,"58":61,"59":1,"60":1,"61":1,"62":0,"63":0,"64":1,"65":0,"66":0,"67":60,"68":2,"69":2,"70":0,"71":0,"72":0,"73":0,"74":0,"75":2,"76":1,"77":1,"78":0,"79":1,"80":1,"81":1,"82":1,"83":3,"84":1,"85":2,"86":1,"87":1,"88":1,"89":1,"90":1,"91":1,"92":1,"93":1,"94":1,"95":1,"96":0,"97":0,"98":0,"99":0,"100":0,"101":0,"102":0,"103":1},"b":{"1":[0,1],"2":[1,0],"3":[0,0],"4":[1,0],"5":[0,1],"6":[1,0],"7":[0,0],"8":[2,0],"9":[0,2],"10":[0,0],"11":[0,0],"12":[1,1],"13":[1,61],"14":[1,60],"15":[1,0],"16":[0,1],"17":[2,0],"18":[0,0],"19":[0,1],"20":[1,2],"21":[1,1],"22":[1,0],"23":[1,0],"24":[0,0],"25":[0,0],"26":[0,0],"27":[0,0]},"f":{"1":1,"2":2,"3":62,"4":62,"5":1,"6":0,"7":62,"8":0,"9":1,"10":3,"11":1,"12":1},"fnMap":{"1":{"name":"bezierAnimation","line":21,"loc":{"start":{"line":21,"column":0},"end":{"line":21,"column":83}}},"2":{"name":"(anonymous_2)","line":53,"loc":{"start":{"line":53,"column":16},"end":{"line":53,"column":33}}},"3":{"name":"playCurrFrame","line":70,"loc":{"start":{"line":70,"column":8},"end":{"line":70,"column":33}}},"4":{"name":"(anonymous_4)","line":77,"loc":{"start":{"line":77,"column":61},"end":{"line":77,"column":72}}},"5":{"name":"done","line":87,"loc":{"start":{"line":87,"column":8},"end":{"line":87,"column":24}}},"6":{"name":"reset","line":102,"loc":{"start":{"line":102,"column":8},"end":{"line":102,"column":25}}},"7":{"name":"playNext","line":107,"loc":{"start":{"line":107,"column":8},"end":{"line":107,"column":28}}},"8":{"name":"(anonymous_8)","line":131,"loc":{"start":{"line":131,"column":40},"end":{"line":131,"column":51}}},"9":{"name":"(anonymous_9)","line":141,"loc":{"start":{"line":141,"column":16},"end":{"line":141,"column":27}}},"10":{"name":"(anonymous_10)","line":147,"loc":{"start":{"line":147,"column":21},"end":{"line":147,"column":32}}},"11":{"name":"(anonymous_11)","line":159,"loc":{"start":{"line":159,"column":15},"end":{"line":159,"column":28}}},"12":{"name":"createBezier","line":170,"loc":{"start":{"line":170,"column":0},"end":{"line":170,"column":41}}}},"statementMap":{"1":{"start":{"line":1,"column":0},"end":{"line":1,"column":38}},"2":{"start":{"line":2,"column":0},"end":{"line":2,"column":26}},"3":{"start":{"line":3,"column":0},"end":{"line":3,"column":31}},"4":{"start":{"line":4,"column":0},"end":{"line":10,"column":5}},"5":{"start":{"line":21,"column":0},"end":{"line":163,"column":1}},"6":{"start":{"line":22,"column":4},"end":{"line":24,"column":5}},"7":{"start":{"line":23,"column":8},"end":{"line":23,"column":84}},"8":{"start":{"line":25,"column":4},"end":{"line":25,"column":60}},"9":{"start":{"line":26,"column":4},"end":{"line":26,"column":39}},"10":{"start":{"line":27,"column":4},"end":{"line":31,"column":5}},"11":{"start":{"line":28,"column":8},"end":{"line":28,"column":45}},"12":{"start":{"line":29,"column":11},"end":{"line":31,"column":5}},"13":{"start":{"line":30,"column":8},"end":{"line":30,"column":43}},"14":{"start":{"line":32,"column":4},"end":{"line":32,"column":26}},"15":{"start":{"line":32,"column":16},"end":{"line":32,"column":26}},"16":{"start":{"line":33,"column":4},"end":{"line":41,"column":5}},"17":{"start":{"line":34,"column":8},"end":{"line":34,"column":36}},"18":{"start":{"line":35,"column":8},"end":{"line":35,"column":25}},"19":{"start":{"line":36,"column":11},"end":{"line":41,"column":5}},"20":{"start":{"line":37,"column":8},"end":{"line":37,"column":20}},"21":{"start":{"line":38,"column":8},"end":{"line":38,"column":25}},"22":{"start":{"line":39,"column":11},"end":{"line":41,"column":5}},"23":{"start":{"line":40,"column":8},"end":{"line":40,"column":22}},"24":{"start":{"line":43,"column":4},"end":{"line":46,"column":28}},"25":{"start":{"line":47,"column":4},"end":{"line":52,"column":5}},"26":{"start":{"line":53,"column":4},"end":{"line":140,"column":5}},"27":{"start":{"line":54,"column":8},"end":{"line":54,"column":59}},"28":{"start":{"line":54,"column":30},"end":{"line":54,"column":59}},"29":{"start":{"line":55,"column":8},"end":{"line":63,"column":9}},"30":{"start":{"line":56,"column":12},"end":{"line":62,"column":13}},"31":{"start":{"line":57,"column":16},"end":{"line":59,"column":17}},"32":{"start":{"line":58,"column":20},"end":{"line":58,"column":32}},"33":{"start":{"line":61,"column":16},"end":{"line":61,"column":28}},"34":{"start":{"line":66,"column":8},"end":{"line":66,"column":28}},"35":{"start":{"line":67,"column":8},"end":{"line":67,"column":35}},"36":{"start":{"line":67,"column":20},"end":{"line":67,"column":35}},"37":{"start":{"line":68,"column":8},"end":{"line":68,"column":25}},"38":{"start":{"line":70,"column":8},"end":{"line":85,"column":9}},"39":{"start":{"line":77,"column":12},"end":{"line":79,"column":14}},"40":{"start":{"line":78,"column":16},"end":{"line":78,"column":27}},"41":{"start":{"line":87,"column":8},"end":{"line":99,"column":9}},"42":{"start":{"line":88,"column":12},"end":{"line":88,"column":30}},"43":{"start":{"line":89,"column":12},"end":{"line":89,"column":26}},"44":{"start":{"line":90,"column":12},"end":{"line":90,"column":33}},"45":{"start":{"line":91,"column":12},"end":{"line":91,"column":32}},"46":{"start":{"line":92,"column":12},"end":{"line":92,"column":31}},"47":{"start":{"line":93,"column":12},"end":{"line":93,"column":32}},"48":{"start":{"line":94,"column":12},"end":{"line":94,"column":30}},"49":{"start":{"line":95,"column":12},"end":{"line":97,"column":13}},"50":{"start":{"line":96,"column":16},"end":{"line":96,"column":27}},"51":{"start":{"line":100,"column":8},"end":{"line":100,"column":24}},"52":{"start":{"line":102,"column":8},"end":{"line":105,"column":9}},"53":{"start":{"line":103,"column":12},"end":{"line":103,"column":32}},"54":{"start":{"line":104,"column":12},"end":{"line":104,"column":31}},"55":{"start":{"line":107,"column":8},"end":{"line":126,"column":9}},"56":{"start":{"line":108,"column":12},"end":{"line":108,"column":35}},"57":{"start":{"line":108,"column":28},"end":{"line":108,"column":35}},"58":{"start":{"line":109,"column":12},"end":{"line":125,"column":13}},"59":{"start":{"line":110,"column":16},"end":{"line":121,"column":17}},"60":{"start":{"line":111,"column":20},"end":{"line":111,"column":32}},"61":{"start":{"line":112,"column":20},"end":{"line":117,"column":21}},"62":{"start":{"line":113,"column":24},"end":{"line":113,"column":32}},"63":{"start":{"line":114,"column":24},"end":{"line":114,"column":40}},"64":{"start":{"line":116,"column":24},"end":{"line":116,"column":31}},"65":{"start":{"line":119,"column":20},"end":{"line":119,"column":28}},"66":{"start":{"line":120,"column":20},"end":{"line":120,"column":36}},"67":{"start":{"line":124,"column":16},"end":{"line":124,"column":32}},"68":{"start":{"line":127,"column":8},"end":{"line":138,"column":9}},"69":{"start":{"line":128,"column":12},"end":{"line":128,"column":28}},"70":{"start":{"line":130,"column":12},"end":{"line":137,"column":13}},"71":{"start":{"line":131,"column":16},"end":{"line":134,"column":33}},"72":{"start":{"line":132,"column":20},"end":{"line":132,"column":49}},"73":{"start":{"line":133,"column":20},"end":{"line":133,"column":36}},"74":{"start":{"line":136,"column":16},"end":{"line":136,"column":32}},"75":{"start":{"line":139,"column":8},"end":{"line":139,"column":20}},"76":{"start":{"line":141,"column":4},"end":{"line":146,"column":5}},"77":{"start":{"line":142,"column":8},"end":{"line":142,"column":36}},"78":{"start":{"line":142,"column":24},"end":{"line":142,"column":36}},"79":{"start":{"line":143,"column":8},"end":{"line":143,"column":77}},"80":{"start":{"line":144,"column":8},"end":{"line":144,"column":28}},"81":{"start":{"line":145,"column":8},"end":{"line":145,"column":26}},"82":{"start":{"line":147,"column":4},"end":{"line":157,"column":5}},"83":{"start":{"line":148,"column":8},"end":{"line":156,"column":9}},"84":{"start":{"line":149,"column":12},"end":{"line":149,"column":33}},"85":{"start":{"line":151,"column":12},"end":{"line":155,"column":13}},"86":{"start":{"line":152,"column":16},"end":{"line":152,"column":34}},"87":{"start":{"line":154,"column":16},"end":{"line":154,"column":37}},"88":{"start":{"line":158,"column":4},"end":{"line":158,"column":19}},"89":{"start":{"line":159,"column":4},"end":{"line":162,"column":5}},"90":{"start":{"line":160,"column":8},"end":{"line":160,"column":23}},"91":{"start":{"line":161,"column":8},"end":{"line":161,"column":19}},"92":{"start":{"line":170,"column":0},"end":{"line":184,"column":1}},"93":{"start":{"line":171,"column":4},"end":{"line":182,"column":5}},"94":{"start":{"line":172,"column":8},"end":{"line":174,"column":9}},"95":{"start":{"line":173,"column":12},"end":{"line":173,"column":45}},"96":{"start":{"line":175,"column":8},"end":{"line":175,"column":37}},"97":{"start":{"line":176,"column":8},"end":{"line":176,"column":15}},"98":{"start":{"line":177,"column":11},"end":{"line":182,"column":5}},"99":{"start":{"line":178,"column":8},"end":{"line":178,"column":114}},"100":{"start":{"line":179,"column":8},"end":{"line":179,"column":47}},"101":{"start":{"line":180,"column":11},"end":{"line":182,"column":5}},"102":{"start":{"line":181,"column":8},"end":{"line":181,"column":33}},"103":{"start":{"line":185,"column":0},"end":{"line":185,"column":33}}},"branchMap":{"1":{"line":22,"type":"if","locations":[{"start":{"line":22,"column":4},"end":{"line":22,"column":4}},{"start":{"line":22,"column":4},"end":{"line":22,"column":4}}]},"2":{"line":27,"type":"if","locations":[{"start":{"line":27,"column":4},"end":{"line":27,"column":4}},{"start":{"line":27,"column":4},"end":{"line":27,"column":4}}]},"3":{"line":29,"type":"if","locations":[{"start":{"line":29,"column":11},"end":{"line":29,"column":11}},{"start":{"line":29,"column":11},"end":{"line":29,"column":11}}]},"4":{"line":32,"type":"if","locations":[{"start":{"line":32,"column":4},"end":{"line":32,"column":4}},{"start":{"line":32,"column":4},"end":{"line":32,"column":4}}]},"5":{"line":33,"type":"if","locations":[{"start":{"line":33,"column":4},"end":{"line":33,"column":4}},{"start":{"line":33,"column":4},"end":{"line":33,"column":4}}]},"6":{"line":36,"type":"if","locations":[{"start":{"line":36,"column":11},"end":{"line":36,"column":11}},{"start":{"line":36,"column":11},"end":{"line":36,"column":11}}]},"7":{"line":39,"type":"if","locations":[{"start":{"line":39,"column":11},"end":{"line":39,"column":11}},{"start":{"line":39,"column":11},"end":{"line":39,"column":11}}]},"8":{"line":54,"type":"if","locations":[{"start":{"line":54,"column":8},"end":{"line":54,"column":8}},{"start":{"line":54,"column":8},"end":{"line":54,"column":8}}]},"9":{"line":55,"type":"if","locations":[{"start":{"line":55,"column":8},"end":{"line":55,"column":8}},{"start":{"line":55,"column":8},"end":{"line":55,"column":8}}]},"10":{"line":56,"type":"if","locations":[{"start":{"line":56,"column":12},"end":{"line":56,"column":12}},{"start":{"line":56,"column":12},"end":{"line":56,"column":12}}]},"11":{"line":57,"type":"if","locations":[{"start":{"line":57,"column":16},"end":{"line":57,"column":16}},{"start":{"line":57,"column":16},"end":{"line":57,"column":16}}]},"12":{"line":67,"type":"if","locations":[{"start":{"line":67,"column":8},"end":{"line":67,"column":8}},{"start":{"line":67,"column":8},"end":{"line":67,"column":8}}]},"13":{"line":108,"type":"if","locations":[{"start":{"line":108,"column":12},"end":{"line":108,"column":12}},{"start":{"line":108,"column":12},"end":{"line":108,"column":12}}]},"14":{"line":109,"type":"if","locations":[{"start":{"line":109,"column":12},"end":{"line":109,"column":12}},{"start":{"line":109,"column":12},"end":{"line":109,"column":12}}]},"15":{"line":110,"type":"if","locations":[{"start":{"line":110,"column":16},"end":{"line":110,"column":16}},{"start":{"line":110,"column":16},"end":{"line":110,"column":16}}]},"16":{"line":112,"type":"if","locations":[{"start":{"line":112,"column":20},"end":{"line":112,"column":20}},{"start":{"line":112,"column":20},"end":{"line":112,"column":20}}]},"17":{"line":127,"type":"if","locations":[{"start":{"line":127,"column":8},"end":{"line":127,"column":8}},{"start":{"line":127,"column":8},"end":{"line":127,"column":8}}]},"18":{"line":130,"type":"if","locations":[{"start":{"line":130,"column":12},"end":{"line":130,"column":12}},{"start":{"line":130,"column":12},"end":{"line":130,"column":12}}]},"19":{"line":142,"type":"if","locations":[{"start":{"line":142,"column":8},"end":{"line":142,"column":8}},{"start":{"line":142,"column":8},"end":{"line":142,"column":8}}]},"20":{"line":148,"type":"if","locations":[{"start":{"line":148,"column":8},"end":{"line":148,"column":8}},{"start":{"line":148,"column":8},"end":{"line":148,"column":8}}]},"21":{"line":151,"type":"if","locations":[{"start":{"line":151,"column":12},"end":{"line":151,"column":12}},{"start":{"line":151,"column":12},"end":{"line":151,"column":12}}]},"22":{"line":171,"type":"if","locations":[{"start":{"line":171,"column":4},"end":{"line":171,"column":4}},{"start":{"line":171,"column":4},"end":{"line":171,"column":4}}]},"23":{"line":172,"type":"if","locations":[{"start":{"line":172,"column":8},"end":{"line":172,"column":8}},{"start":{"line":172,"column":8},"end":{"line":172,"column":8}}]},"24":{"line":177,"type":"if","locations":[{"start":{"line":177,"column":11},"end":{"line":177,"column":11}},{"start":{"line":177,"column":11},"end":{"line":177,"column":11}}]},"25":{"line":177,"type":"binary-expr","locations":[{"start":{"line":177,"column":15},"end":{"line":177,"column":85}},{"start":{"line":177,"column":89},"end":{"line":177,"column":119}}]},"26":{"line":180,"type":"if","locations":[{"start":{"line":180,"column":11},"end":{"line":180,"column":11}},{"start":{"line":180,"column":11},"end":{"line":180,"column":11}}]},"27":{"line":180,"type":"binary-expr","locations":[{"start":{"line":180,"column":15},"end":{"line":180,"column":54}},{"start":{"line":180,"column":58},"end":{"line":180,"column":93}}]}}},"/Users/fanqi/Documents/mine/lucefer/bezier/src/cubic-bezier.js":{"path":"/Users/fanqi/Documents/mine/lucefer/bezier/src/cubic-bezier.js","s":{"1":1,"2":5,"3":5,"4":5,"5":5,"6":5,"7":5,"8":1,"9":1,"10":248,"11":1,"12":62,"13":1,"14":186,"15":1,"16":62,"17":62,"18":62,"19":62,"20":248,"21":248,"22":62,"23":186,"24":186,"25":0,"26":186,"27":0,"28":0,"29":0,"30":0,"31":0,"32":0,"33":0,"34":0,"35":0,"36":0,"37":0,"38":1,"39":62,"40":1,"41":1,"42":1,"43":1,"44":1,"45":1},"b":{"1":[62,186],"2":[0,186],"3":[0,0],"4":[0,0]},"f":{"1":5,"2":248,"3":62,"4":186,"5":62,"6":62},"fnMap":{"1":{"name":"CubicBezier","line":1,"loc":{"start":{"line":1,"column":0},"end":{"line":1,"column":41}}},"2":{"name":"(anonymous_2)","line":11,"loc":{"start":{"line":11,"column":17},"end":{"line":11,"column":29}}},"3":{"name":"(anonymous_3)","line":14,"loc":{"start":{"line":14,"column":17},"end":{"line":14,"column":29}}},"4":{"name":"(anonymous_4)","line":17,"loc":{"start":{"line":17,"column":27},"end":{"line":17,"column":39}}},"5":{"name":"(anonymous_5)","line":21,"loc":{"start":{"line":21,"column":16},"end":{"line":21,"column":28}}},"6":{"name":"(anonymous_6)","line":68,"loc":{"start":{"line":68,"column":10},"end":{"line":68,"column":22}}}},"statementMap":{"1":{"start":{"line":1,"column":0},"end":{"line":9,"column":1}},"2":{"start":{"line":2,"column":4},"end":{"line":2,"column":24}},"3":{"start":{"line":3,"column":4},"end":{"line":3,"column":42}},"4":{"start":{"line":4,"column":4},"end":{"line":4,"column":38}},"5":{"start":{"line":6,"column":4},"end":{"line":6,"column":24}},"6":{"start":{"line":7,"column":4},"end":{"line":7,"column":42}},"7":{"start":{"line":8,"column":4},"end":{"line":8,"column":38}},"8":{"start":{"line":10,"column":0},"end":{"line":10,"column":30}},"9":{"start":{"line":11,"column":0},"end":{"line":13,"column":1}},"10":{"start":{"line":12,"column":4},"end":{"line":12,"column":55}},"11":{"start":{"line":14,"column":0},"end":{"line":16,"column":1}},"12":{"start":{"line":15,"column":4},"end":{"line":15,"column":55}},"13":{"start":{"line":17,"column":0},"end":{"line":19,"column":1}},"14":{"start":{"line":18,"column":4},"end":{"line":18,"column":61}},"15":{"start":{"line":21,"column":0},"end":{"line":66,"column":1}},"16":{"start":{"line":22,"column":4},"end":{"line":22,"column":23}},"17":{"start":{"line":23,"column":4},"end":{"line":23,"column":26}},"18":{"start":{"line":24,"column":4},"end":{"line":26,"column":11}},"19":{"start":{"line":31,"column":4},"end":{"line":43,"column":5}},"20":{"start":{"line":33,"column":8},"end":{"line":33,"column":39}},"21":{"start":{"line":34,"column":8},"end":{"line":36,"column":9}},"22":{"start":{"line":35,"column":12},"end":{"line":35,"column":22}},"23":{"start":{"line":37,"column":8},"end":{"line":37,"column":53}},"24":{"start":{"line":39,"column":8},"end":{"line":41,"column":9}},"25":{"start":{"line":40,"column":12},"end":{"line":40,"column":18}},"26":{"start":{"line":42,"column":8},"end":{"line":42,"column":30}},"27":{"start":{"line":48,"column":4},"end":{"line":49,"column":15}},"28":{"start":{"line":50,"column":4},"end":{"line":50,"column":11}},"29":{"start":{"line":51,"column":4},"end":{"line":62,"column":5}},"30":{"start":{"line":52,"column":8},"end":{"line":52,"column":39}},"31":{"start":{"line":53,"column":8},"end":{"line":55,"column":9}},"32":{"start":{"line":54,"column":12},"end":{"line":54,"column":22}},"33":{"start":{"line":56,"column":8},"end":{"line":60,"column":9}},"34":{"start":{"line":57,"column":12},"end":{"line":57,"column":20}},"35":{"start":{"line":59,"column":12},"end":{"line":59,"column":20}},"36":{"start":{"line":61,"column":8},"end":{"line":61,"column":27}},"37":{"start":{"line":65,"column":4},"end":{"line":65,"column":14}},"38":{"start":{"line":68,"column":0},"end":{"line":70,"column":1}},"39":{"start":{"line":69,"column":4},"end":{"line":69,"column":50}},"40":{"start":{"line":71,"column":0},"end":{"line":71,"column":44}},"41":{"start":{"line":72,"column":0},"end":{"line":72,"column":47}},"42":{"start":{"line":73,"column":0},"end":{"line":73,"column":46}},"43":{"start":{"line":74,"column":0},"end":{"line":74,"column":47}},"44":{"start":{"line":75,"column":0},"end":{"line":75,"column":51}},"45":{"start":{"line":76,"column":0},"end":{"line":76,"column":29}}},"branchMap":{"1":{"line":34,"type":"if","locations":[{"start":{"line":34,"column":8},"end":{"line":34,"column":8}},{"start":{"line":34,"column":8},"end":{"line":34,"column":8}}]},"2":{"line":39,"type":"if","locations":[{"start":{"line":39,"column":8},"end":{"line":39,"column":8}},{"start":{"line":39,"column":8},"end":{"line":39,"column":8}}]},"3":{"line":53,"type":"if","locations":[{"start":{"line":53,"column":8},"end":{"line":53,"column":8}},{"start":{"line":53,"column":8},"end":{"line":53,"column":8}}]},"4":{"line":56,"type":"if","locations":[{"start":{"line":56,"column":8},"end":{"line":56,"column":8}},{"start":{"line":56,"column":8},"end":{"line":56,"column":8}}]}}},"/Users/fanqi/Documents/mine/lucefer/bezier/src/raf.js":{"path":"/Users/fanqi/Documents/mine/lucefer/bezier/src/raf.js","s":{"1":1,"2":1,"3":1,"4":1,"5":2,"6":2,"7":1,"8":1,"9":1,"10":124,"11":92,"12":92,"13":92,"14":92,"15":92,"16":92,"17":92,"18":124,"19":124,"20":123,"21":0,"22":0,"23":124,"24":124,"25":1,"26":1,"27":1,"28":1,"29":1,"30":124,"31":1,"32":1,"33":1,"34":0,"35":0,"36":1,"37":0,"38":0},"b":{"1":[1,0],"2":[1,1],"3":[1,0],"4":[2,2],"5":[1,0],"6":[1,0],"7":[92,32],"8":[1,91],"9":[92,92],"10":[123,1],"11":[1,0]},"f":{"1":124,"2":92,"3":0,"4":1,"5":124,"6":1,"7":0,"8":0},"fnMap":{"1":{"name":"(anonymous_1)","line":13,"loc":{"start":{"line":13,"column":6},"end":{"line":13,"column":24}}},"2":{"name":"(anonymous_2)","line":19,"loc":{"start":{"line":19,"column":17},"end":{"line":19,"column":27}}},"3":{"name":"(anonymous_3)","line":30,"loc":{"start":{"line":30,"column":25},"end":{"line":30,"column":35}}},"4":{"name":"(anonymous_4)","line":43,"loc":{"start":{"line":43,"column":6},"end":{"line":43,"column":22}}},"5":{"name":"(anonymous_5)","line":53,"loc":{"start":{"line":53,"column":15},"end":{"line":53,"column":27}}},"6":{"name":"(anonymous_6)","line":56,"loc":{"start":{"line":56,"column":22},"end":{"line":56,"column":32}}},"7":{"name":"(anonymous_7)","line":59,"loc":{"start":{"line":59,"column":24},"end":{"line":59,"column":34}}},"8":{"name":"(anonymous_8)","line":63,"loc":{"start":{"line":63,"column":26},"end":{"line":63,"column":36}}}},"statementMap":{"1":{"start":{"line":1,"column":0},"end":{"line":1,"column":86}},"2":{"start":{"line":2,"column":0},"end":{"line":2,"column":108}},"3":{"start":{"line":3,"column":0},"end":{"line":8,"column":1}},"4":{"start":{"line":4,"column":2},"end":{"line":7,"column":3}},"5":{"start":{"line":5,"column":4},"end":{"line":5,"column":49}},"6":{"start":{"line":6,"column":4},"end":{"line":6,"column":95}},"7":{"start":{"line":10,"column":0},"end":{"line":50,"column":1}},"8":{"start":{"line":11,"column":2},"end":{"line":12,"column":26}},"9":{"start":{"line":13,"column":2},"end":{"line":42,"column":3}},"10":{"start":{"line":14,"column":4},"end":{"line":34,"column":5}},"11":{"start":{"line":15,"column":6},"end":{"line":16,"column":38}},"12":{"start":{"line":17,"column":6},"end":{"line":17,"column":60}},"13":{"start":{"line":18,"column":6},"end":{"line":18,"column":24}},"14":{"start":{"line":19,"column":6},"end":{"line":33,"column":14}},"15":{"start":{"line":20,"column":8},"end":{"line":20,"column":36}},"16":{"start":{"line":21,"column":8},"end":{"line":21,"column":53}},"17":{"start":{"line":22,"column":8},"end":{"line":32,"column":9}},"18":{"start":{"line":23,"column":12},"end":{"line":31,"column":13}},"19":{"start":{"line":24,"column":14},"end":{"line":27,"column":15}},"20":{"start":{"line":26,"column":16},"end":{"line":26,"column":33}},"21":{"start":{"line":30,"column":14},"end":{"line":30,"column":46}},"22":{"start":{"line":30,"column":36},"end":{"line":30,"column":43}},"23":{"start":{"line":35,"column":4},"end":{"line":39,"column":6}},"24":{"start":{"line":41,"column":4},"end":{"line":41,"column":14}},"25":{"start":{"line":43,"column":2},"end":{"line":49,"column":3}},"26":{"start":{"line":44,"column":4},"end":{"line":48,"column":5}},"27":{"start":{"line":45,"column":6},"end":{"line":47,"column":7}},"28":{"start":{"line":46,"column":8},"end":{"line":46,"column":38}},"29":{"start":{"line":53,"column":0},"end":{"line":55,"column":1}},"30":{"start":{"line":54,"column":2},"end":{"line":54,"column":26}},"31":{"start":{"line":56,"column":0},"end":{"line":58,"column":1}},"32":{"start":{"line":57,"column":2},"end":{"line":57,"column":27}},"33":{"start":{"line":59,"column":0},"end":{"line":62,"column":1}},"34":{"start":{"line":60,"column":2},"end":{"line":60,"column":32}},"35":{"start":{"line":61,"column":2},"end":{"line":61,"column":31}},"36":{"start":{"line":63,"column":0},"end":{"line":66,"column":1}},"37":{"start":{"line":64,"column":2},"end":{"line":64,"column":33}},"38":{"start":{"line":65,"column":2},"end":{"line":65,"column":31}}},"branchMap":{"1":{"line":1,"type":"cond-expr","locations":[{"start":{"line":1,"column":72},"end":{"line":1,"column":78}},{"start":{"line":1,"column":79},"end":{"line":1,"column":85}}]},"2":{"line":2,"type":"binary-expr","locations":[{"start":{"line":2,"column":45},"end":{"line":2,"column":67}},{"start":{"line":2,"column":69},"end":{"line":2,"column":98}}]},"3":{"line":3,"type":"if","locations":[{"start":{"line":3,"column":0},"end":{"line":3,"column":0}},{"start":{"line":3,"column":0},"end":{"line":3,"column":0}}]},"4":{"line":6,"type":"binary-expr","locations":[{"start":{"line":6,"column":8},"end":{"line":6,"column":47}},{"start":{"line":6,"column":51},"end":{"line":6,"column":94}}]},"5":{"line":10,"type":"if","locations":[{"start":{"line":10,"column":0},"end":{"line":10,"column":0}},{"start":{"line":10,"column":0},"end":{"line":10,"column":0}}]},"6":{"line":10,"type":"binary-expr","locations":[{"start":{"line":10,"column":3},"end":{"line":10,"column":7}},{"start":{"line":10,"column":9},"end":{"line":10,"column":13}}]},"7":{"line":14,"type":"if","locations":[{"start":{"line":14,"column":4},"end":{"line":14,"column":4}},{"start":{"line":14,"column":4},"end":{"line":14,"column":4}}]},"8":{"line":17,"type":"cond-expr","locations":[{"start":{"line":17,"column":20},"end":{"line":17,"column":45}},{"start":{"line":17,"column":46},"end":{"line":17,"column":59}}]},"9":{"line":21,"type":"binary-expr","locations":[{"start":{"line":21,"column":9},"end":{"line":21,"column":30}},{"start":{"line":21,"column":36},"end":{"line":21,"column":51}}]},"10":{"line":24,"type":"if","locations":[{"start":{"line":24,"column":14},"end":{"line":24,"column":14}},{"start":{"line":24,"column":14},"end":{"line":24,"column":14}}]},"11":{"line":45,"type":"if","locations":[{"start":{"line":45,"column":6},"end":{"line":45,"column":6}},{"start":{"line":45,"column":6},"end":{"line":45,"column":6}}]}}},"/Users/fanqi/Documents/mine/lucefer/bezier/src/frame.js":{"path":"/Users/fanqi/Documents/mine/lucefer/bezier/src/frame.js","s":{"1":1,"2":1,"3":1,"4":62,"5":62,"6":62,"7":1,"8":62,"9":62,"10":62,"11":62,"12":1,"13":1,"14":62,"15":1,"16":62,"17":1},"b":{"1":[1,61],"2":[1,61],"3":[62,62]},"f":{"1":1,"2":62,"3":62,"4":62,"5":62},"fnMap":{"1":{"name":"Frame","line":2,"loc":{"start":{"line":2,"column":0},"end":{"line":2,"column":18}}},"2":{"name":"(anonymous_2)","line":3,"loc":{"start":{"line":3,"column":15},"end":{"line":3,"column":45}}},"3":{"name":"(anonymous_3)","line":5,"loc":{"start":{"line":5,"column":8},"end":{"line":5,"column":18}}},"4":{"name":"frameOver","line":19,"loc":{"start":{"line":19,"column":2},"end":{"line":19,"column":25}}},"5":{"name":"(anonymous_5)","line":22,"loc":{"start":{"line":22,"column":12},"end":{"line":22,"column":24}}}},"statementMap":{"1":{"start":{"line":1,"column":0},"end":{"line":1,"column":24}},"2":{"start":{"line":2,"column":0},"end":{"line":25,"column":1}},"3":{"start":{"line":3,"column":2},"end":{"line":17,"column":3}},"4":{"start":{"line":5,"column":4},"end":{"line":15,"column":6}},"5":{"start":{"line":7,"column":6},"end":{"line":7,"column":119}},"6":{"start":{"line":8,"column":6},"end":{"line":10,"column":7}},"7":{"start":{"line":9,"column":8},"end":{"line":9,"column":25}},"8":{"start":{"line":11,"column":6},"end":{"line":13,"column":7}},"9":{"start":{"line":12,"column":8},"end":{"line":12,"column":99}},"10":{"start":{"line":14,"column":6},"end":{"line":14,"column":18}},"11":{"start":{"line":16,"column":4},"end":{"line":16,"column":16}},"12":{"start":{"line":18,"column":2},"end":{"line":18,"column":19}},"13":{"start":{"line":19,"column":2},"end":{"line":21,"column":3}},"14":{"start":{"line":20,"column":4},"end":{"line":20,"column":19}},"15":{"start":{"line":22,"column":2},"end":{"line":24,"column":3}},"16":{"start":{"line":23,"column":4},"end":{"line":23,"column":49}},"17":{"start":{"line":27,"column":0},"end":{"line":27,"column":21}}},"branchMap":{"1":{"line":7,"type":"cond-expr","locations":[{"start":{"line":7,"column":68},"end":{"line":7,"column":78}},{"start":{"line":7,"column":79},"end":{"line":7,"column":94}}]},"2":{"line":8,"type":"if","locations":[{"start":{"line":8,"column":6},"end":{"line":8,"column":6}},{"start":{"line":8,"column":6},"end":{"line":8,"column":6}}]},"3":{"line":23,"type":"binary-expr","locations":[{"start":{"line":23,"column":4},"end":{"line":23,"column":27}},{"start":{"line":23,"column":32},"end":{"line":23,"column":47}}]}}}}