TN:
SF:/Users/fanqi/Documents/mine/lucefer/bezier/src/animation.js
FN:21,bezierAnimation
FN:53,(anonymous_2)
FN:70,playCurrFrame
FN:77,(anonymous_4)
FN:87,done
FN:102,reset
FN:107,playNext
FN:131,(anonymous_8)
FN:141,(anonymous_9)
FN:147,(anonymous_10)
FN:159,(anonymous_11)
FN:170,createBezier
FNF:12
FNH:10
FNDA:1,bezierAnimation
FNDA:2,(anonymous_2)
FNDA:62,playCurrFrame
FNDA:62,(anonymous_4)
FNDA:1,done
FNDA:0,reset
FNDA:62,playNext
FNDA:0,(anonymous_8)
FNDA:1,(anonymous_9)
FNDA:3,(anonymous_10)
FNDA:1,(anonymous_11)
FNDA:1,createBezier
DA:1,1
DA:2,1
DA:3,1
DA:4,1
DA:21,1
DA:22,1
DA:23,0
DA:25,1
DA:26,1
DA:27,1
DA:28,1
DA:29,0
DA:30,0
DA:32,1
DA:33,1
DA:34,0
DA:35,0
DA:36,1
DA:37,1
DA:38,1
DA:39,0
DA:40,0
DA:43,1
DA:47,1
DA:53,1
DA:54,2
DA:55,2
DA:56,0
DA:57,0
DA:58,0
DA:61,0
DA:66,2
DA:67,2
DA:68,2
DA:70,1
DA:77,62
DA:78,62
DA:87,1
DA:88,1
DA:89,1
DA:90,1
DA:91,1
DA:92,1
DA:93,1
DA:94,1
DA:95,1
DA:96,1
DA:100,2
DA:102,1
DA:103,0
DA:104,0
DA:107,1
DA:108,62
DA:109,61
DA:110,1
DA:111,1
DA:112,1
DA:113,0
DA:114,0
DA:116,1
DA:119,0
DA:120,0
DA:124,60
DA:127,2
DA:128,2
DA:130,0
DA:131,0
DA:132,0
DA:133,0
DA:136,0
DA:139,2
DA:141,1
DA:142,1
DA:143,1
DA:144,1
DA:145,1
DA:147,1
DA:148,3
DA:149,1
DA:151,2
DA:152,1
DA:154,1
DA:158,1
DA:159,1
DA:160,1
DA:161,1
DA:170,1
DA:171,1
DA:172,1
DA:173,1
DA:175,0
DA:176,0
DA:177,0
DA:178,0
DA:179,0
DA:180,0
DA:181,0
DA:185,1
LF:98
LH:69
BRDA:22,1,0,0
BRDA:22,1,1,1
BRDA:27,2,0,1
BRDA:27,2,1,0
BRDA:29,3,0,0
BRDA:29,3,1,0
BRDA:32,4,0,1
BRDA:32,4,1,0
BRDA:33,5,0,0
BRDA:33,5,1,1
BRDA:36,6,0,1
BRDA:36,6,1,0
BRDA:39,7,0,0
BRDA:39,7,1,0
BRDA:54,8,0,2
BRDA:54,8,1,0
BRDA:55,9,0,0
BRDA:55,9,1,2
BRDA:56,10,0,0
BRDA:56,10,1,0
BRDA:57,11,0,0
BRDA:57,11,1,0
BRDA:67,12,0,1
BRDA:67,12,1,1
BRDA:108,13,0,1
BRDA:108,13,1,61
BRDA:109,14,0,1
BRDA:109,14,1,60
BRDA:110,15,0,1
BRDA:110,15,1,0
BRDA:112,16,0,0
BRDA:112,16,1,1
BRDA:127,17,0,2
BRDA:127,17,1,0
BRDA:130,18,0,0
BRDA:130,18,1,0
BRDA:142,19,0,0
BRDA:142,19,1,1
BRDA:148,20,0,1
BRDA:148,20,1,2
BRDA:151,21,0,1
BRDA:151,21,1,1
BRDA:171,22,0,1
BRDA:171,22,1,0
BRDA:172,23,0,1
BRDA:172,23,1,0
BRDA:177,24,0,0
BRDA:177,24,1,0
BRDA:177,25,0,0
BRDA:177,25,1,0
BRDA:180,26,0,0
BRDA:180,26,1,0
BRDA:180,27,0,0
BRDA:180,27,1,0
BRF:54
BRH:23
end_of_record
TN:
SF:/Users/fanqi/Documents/mine/lucefer/bezier/src/cubic-bezier.js
FN:1,CubicBezier
FN:11,(anonymous_2)
FN:14,(anonymous_3)
FN:17,(anonymous_4)
FN:21,(anonymous_5)
FN:68,(anonymous_6)
FNF:6
FNH:6
FNDA:5,CubicBezier
FNDA:248,(anonymous_2)
FNDA:62,(anonymous_3)
FNDA:186,(anonymous_4)
FNDA:62,(anonymous_5)
FNDA:62,(anonymous_6)
DA:1,1
DA:2,5
DA:3,5
DA:4,5
DA:6,5
DA:7,5
DA:8,5
DA:10,1
DA:11,1
DA:12,248
DA:14,1
DA:15,62
DA:17,1
DA:18,186
DA:21,1
DA:22,62
DA:23,62
DA:24,62
DA:31,62
DA:33,248
DA:34,248
DA:35,62
DA:37,186
DA:39,186
DA:40,0
DA:42,186
DA:48,0
DA:50,0
DA:51,0
DA:52,0
DA:53,0
DA:54,0
DA:56,0
DA:57,0
DA:59,0
DA:61,0
DA:65,0
DA:68,1
DA:69,62
DA:71,1
DA:72,1
DA:73,1
DA:74,1
DA:75,1
DA:76,1
LF:45
LH:33
BRDA:34,1,0,62
BRDA:34,1,1,186
BRDA:39,2,0,0
BRDA:39,2,1,186
BRDA:53,3,0,0
BRDA:53,3,1,0
BRDA:56,4,0,0
BRDA:56,4,1,0
BRF:8
BRH:3
end_of_record
TN:
SF:/Users/fanqi/Documents/mine/lucefer/bezier/src/raf.js
FN:13,(anonymous_1)
FN:19,(anonymous_2)
FN:30,(anonymous_3)
FN:43,(anonymous_4)
FN:53,(anonymous_5)
FN:56,(anonymous_6)
FN:59,(anonymous_7)
FN:63,(anonymous_8)
FNF:8
FNH:5
FNDA:124,(anonymous_1)
FNDA:92,(anonymous_2)
FNDA:0,(anonymous_3)
FNDA:1,(anonymous_4)
FNDA:124,(anonymous_5)
FNDA:1,(anonymous_6)
FNDA:0,(anonymous_7)
FNDA:0,(anonymous_8)
DA:1,1
DA:2,1
DA:3,1
DA:4,1
DA:5,2
DA:6,2
DA:10,1
DA:11,1
DA:13,1
DA:14,124
DA:15,92
DA:17,92
DA:18,92
DA:19,92
DA:20,92
DA:21,92
DA:22,92
DA:23,124
DA:24,124
DA:26,123
DA:30,0
DA:35,124
DA:41,124
DA:43,1
DA:44,1
DA:45,1
DA:46,1
DA:53,1
DA:54,124
DA:56,1
DA:57,1
DA:59,1
DA:60,0
DA:61,0
DA:63,1
DA:64,0
DA:65,0
LF:37
LH:32
BRDA:1,1,0,1
BRDA:1,1,1,0
BRDA:2,2,0,1
BRDA:2,2,1,1
BRDA:3,3,0,1
BRDA:3,3,1,0
BRDA:6,4,0,2
BRDA:6,4,1,2
BRDA:10,5,0,1
BRDA:10,5,1,0
BRDA:10,6,0,1
BRDA:10,6,1,0
BRDA:14,7,0,92
BRDA:14,7,1,32
BRDA:17,8,0,1
BRDA:17,8,1,91
BRDA:21,9,0,92
BRDA:21,9,1,92
BRDA:24,10,0,123
BRDA:24,10,1,1
BRDA:45,11,0,1
BRDA:45,11,1,0
BRF:22
BRH:17
end_of_record
TN:
SF:/Users/fanqi/Documents/mine/lucefer/bezier/src/frame.js
FN:2,Frame
FN:3,(anonymous_2)
FN:5,(anonymous_3)
FN:19,frameOver
FN:22,(anonymous_5)
FNF:5
FNH:5
FNDA:1,Frame
FNDA:62,(anonymous_2)
FNDA:62,(anonymous_3)
FNDA:62,frameOver
FNDA:62,(anonymous_5)
DA:1,1
DA:2,1
DA:3,1
DA:5,62
DA:7,62
DA:8,62
DA:9,1
DA:11,62
DA:12,62
DA:14,62
DA:16,62
DA:18,1
DA:19,1
DA:20,62
DA:22,1
DA:23,62
DA:27,1
LF:17
LH:17
BRDA:7,1,0,1
BRDA:7,1,1,61
BRDA:8,2,0,1
BRDA:8,2,1,61
BRDA:23,3,0,62
BRDA:23,3,1,62
BRF:6
BRH:6
end_of_record
